

Version:	3.50
CmdLine:	C:\Users\gmurillo\Desktop\GitHub\Facturacion_Atlas\Exe\Facturacióny.exe --l4j-debug
JNI:		No
WOW64:		Yes
Working dir:	C:\Users\gmurillo\Desktop\GitHub\Facturacion_Atlas\Exe\.
Requires JDK:	No
Requires 64-Bit: No
Java min ver:	1.020.000
Java max ver:	
Substitute:	JAVA_HOME = 
Substitute:	PATH = C:\Program Files\Common Files\Oracle\Java\javapath;C:\WINDOWS\system32;C:\WINDOWS;C:\WINDOWS\System32\Wbem;C:\WINDOWS\System32\WindowsPowerShell\v1.0\;C:\WINDOWS\System32\OpenSSH\;C:\Users\gmurillo\AppData\Local\Programs\Python\Python311;C:\Users\gmurillo\AppData\Local\Programs\Python\Python311\Scripts;C:\Program Files\nodejs\;C:\Program Files\Git\cmd;C:\Users\gmurillo\AppData\Local\Microsoft\WindowsApps;C:\Users\gmurillo\AppData\Local\Programs\Microsoft VS Code\bin;C:\Users\gmurillo\AppData\Roaming\npm;C:\Users\gmurillo\AppData\Local\GitHubDesktop\bin;C:\Program Files\Java\jdk-20\bin
JRE paths:	;C:\Program Files\Common Files\Oracle\Java\javapath;C:\WINDOWS\system32;C:\WINDOWS;C:\WINDOWS\System32\Wbem;C:\WINDOWS\System32\WindowsPowerShell\v1.0\;C:\WINDOWS\System32\OpenSSH\;C:\Users\gmurillo\AppData\Local\Programs\Python\Python311;C:\Users\gmurillo\AppData\Local\Programs\Python\Python311\Scripts;C:\Program Files\nodejs\;C:\Program Files\Git\cmd;C:\Users\gmurillo\AppData\Local\Microsoft\WindowsApps;C:\Users\gmurillo\AppData\Local\Programs\Microsoft VS Code\bin;C:\Users\gmurillo\AppData\Roaming\npm;C:\Users\gmurillo\AppData\Local\GitHubDesktop\bin;C:\Program Files\Java\jdk-20\bin
Check launcher:	C:\Program Files\Common Files\Oracle\Java\javapath\bin\javaw.exe (not found)
Check launcher:	C:\WINDOWS\system32\bin\javaw.exe (not found)
Check launcher:	C:\WINDOWS\bin\javaw.exe (not found)
Check launcher:	C:\WINDOWS\System32\Wbem\bin\javaw.exe (not found)
Check launcher:	C:\WINDOWS\System32\WindowsPowerShell\v1.0\bin\javaw.exe (not found)
Check launcher:	C:\WINDOWS\System32\OpenSSH\bin\javaw.exe (not found)
Check launcher:	C:\Users\gmurillo\AppData\Local\Programs\Python\Python311\bin\javaw.exe (not found)
Check launcher:	C:\Users\gmurillo\AppData\Local\Programs\Python\Python311\Scripts\bin\javaw.exe (not found)
Check launcher:	C:\Program Files\nodejs\bin\javaw.exe (not found)
Check launcher:	C:\Program Files\Git\cmd\bin\javaw.exe (not found)
Check launcher:	C:\Users\gmurillo\AppData\Local\Microsoft\WindowsApps\bin\javaw.exe (not found)
Check launcher:	C:\Users\gmurillo\AppData\Local\Programs\Microsoft VS Code\bin\javaw.exe (not found)
Check launcher:	C:\Users\gmurillo\AppData\Roaming\npm\bin\javaw.exe (not found)
Check launcher:	C:\Users\gmurillo\AppData\Local\GitHubDesktop\bin\javaw.exe (not found)
Check launcher:	C:\Program Files\Java\jdk-20\bin\javaw.exe (OK)
Version string: 1.020.000_001 / 64-Bit (OK)
Launcher:	C:\Program Files\Java\jdk-20\bin\javaw.exe
Launcher args:	-jar "C:\Users\gmurillo\Desktop\GitHub\Facturacion_Atlas\Exe\Facturacióny.exe"
Args length:	78/32768 chars
Exit code:	0
